<?xml version="1.0" encoding="UTF-8"?>
<!-- Generated by org.testng.reporters.JUnitReportReporter -->
<testsuite hostname="NAAYEEMs-MacBook-Pro.local" failures="0" tests="1" name="automation.selenium4Framework.StandaloneTest" time="12.080" errors="0" timestamp="2023-06-20T15:23:53 EDT" skipped="0">
  <testcase classname="automation.selenium4Framework.StandaloneTest" name="submitOrder" time="12.080"/>
</testsuite> <!-- automation.selenium4Framework.StandaloneTest -->
