<?xml version="1.0" encoding="UTF-8"?>
<!-- Generated by org.testng.reporters.JUnitReportReporter -->
<testsuite hostname="M-Pro.local" failures="0" tests="5" name="automation.selenium4Framework.ErrorValidationTest" time="33.067" errors="0" timestamp="2022-11-29T14:20:29 EST" skipped="0">
  <testcase classname="automation.selenium4Framework.ErrorValidationTest" name="titleTest" time="4.641"/>
  <system-out/>
  <testcase classname="automation.selenium4Framework.ErrorValidationTest" name="logInModuleNegativeTest" time="4.962"/>
  <system-out/>
  <testcase classname="automation.selenium4Framework.ErrorValidationTest" name="logInModuleNegativeTest" time="5.379"/>
  <system-out/>
  <testcase classname="automation.selenium4Framework.ErrorValidationTest" name="logInModuleNegativeTest" time="12.769"/>
  <system-out/>
  <testcase classname="automation.selenium4Framework.ErrorValidationTest" name="logInModuleNegativeTest" time="5.316"/>
  <system-out/>
</testsuite> <!-- automation.selenium4Framework.ErrorValidationTest -->
