<?xml version="1.0" encoding="UTF-8"?>
<!-- Generated by org.testng.reporters.JUnitReportReporter -->
<<<<<<< HEAD
<testsuite hostname="DESKTOP-D34FDNH" failures="0" tests="1" name="automation.selenium4Framework.SubmitOrderTest" time="12.881" errors="0" timestamp="2023-01-11T01:58:13 EST" skipped="0">
  <testcase classname="automation.selenium4Framework.SubmitOrderTest" name="submitOrder" time="12.881"/>
=======
<testsuite hostname="M-Pro.local" failures="0" tests="1" name="automation.selenium4Framework.SubmitOrderTest" time="18.418" errors="0" timestamp="2022-12-18T02:11:07 EST" skipped="0">
  <testcase classname="automation.selenium4Framework.SubmitOrderTest" name="submitOrder" time="18.418"/>
>>>>>>> 10f05f0c5135af2755f40abfa69affc2c70a3260
  <system-out/>
</testsuite> <!-- automation.selenium4Framework.SubmitOrderTest -->
