<?xml version="1.0" encoding="UTF-8"?>
<!-- Generated by org.testng.reporters.JUnitReportReporter -->
<testsuite hostname="DESKTOP-D34FDNH" failures="0" tests="1" name="automation.selenium4Framework.SubmitOrderTest" time="12.881" errors="0" timestamp="2023-01-11T01:58:13 EST" skipped="0">
  <testcase classname="automation.selenium4Framework.SubmitOrderTest" name="submitOrder" time="12.881"/>
  <system-out/>
</testsuite> <!-- automation.selenium4Framework.SubmitOrderTest -->
