<?xml version="1.0" encoding="UTF-8"?>
<!-- Generated by org.testng.reporters.JUnitReportReporter -->
<testsuite hostname="M-Pro.local" failures="0" tests="1" name="automation.selenium4Framework.SubmitOrderTest" time="18.418" errors="0" timestamp="2022-12-18T02:11:07 EST" skipped="0">
  <testcase classname="automation.selenium4Framework.SubmitOrderTest" name="submitOrder" time="18.418"/>
  <system-out/>
</testsuite> <!-- automation.selenium4Framework.SubmitOrderTest -->
