<?xml version="1.0" encoding="UTF-8"?>
<!-- Generated by org.testng.reporters.JUnitReportReporter -->
<testsuite hostname="M-Pro.local" failures="0" tests="1" name="automation.selenium4Framework.StandaloneTest" time="14.082" errors="0" timestamp="2022-11-29T10:31:38 EST" skipped="0">
  <testcase classname="automation.selenium4Framework.StandaloneTest" name="submitOrder" time="14.082"/>
  <system-out/>
</testsuite> <!-- automation.selenium4Framework.StandaloneTest -->
