<?xml version="1.0" encoding="UTF-8"?>
<!-- Generated by org.testng.reporters.JUnitReportReporter -->
<testsuite hostname="M-Pro.local" failures="0" tests="2" name="automation.selenium4Framework.ErrorValidation" time="21.699" errors="0" timestamp="2022-11-29T11:38:07 EST" skipped="0">
  <testcase classname="automation.selenium4Framework.ErrorValidation" name="titleTest" time="14.073"/>
  <system-out/>
  <testcase classname="automation.selenium4Framework.ErrorValidation" name="logInModuleNegativeTest" time="7.626"/>
  <system-out/>
</testsuite> <!-- automation.selenium4Framework.ErrorValidation -->
